22.03.08 15:26:15.359 [Info]: -----------------------------------------------------------------------
22.03.08 15:26:15.359 [Info]: Поиск сервера ...
22.03.08 15:26:15.359 [Info]: Соединение с сервером ...
22.03.08 15:26:15.359 [Info]: Соединение с сервером ...
22.03.08 15:26:15.359 [Info]: Идентификация ...
22.03.08 15:26:15.359 [Info]: Загрузка ...
22.03.08 15:26:15.359 [Info]: Проверка прав <Справочник констант> на <просмотр>
22.03.08 15:26:15.375 [Info]: Проверка прав <Справочник констант> на <просмотр> (объект: constex оператор: S) прошло успешно.
22.03.08 15:26:15.468 [Info]: Начало загрузки библиотеки U:\Install\STBasis\components.dll ...
22.03.08 15:26:16.421 [Info]: Загрузка библиотеки U:\Install\STBasis\components.dll прошла успешно.
22.03.08 15:26:16.421 [Info]: Начало загрузки библиотеки U:\Install\STBasis\design.dll ...
22.03.08 15:26:16.968 [Info]: Проверка прав <Справочник интерфейсов> на <просмотр>
22.03.08 15:26:16.984 [Info]: Проверка прав <Справочник интерфейсов> на <просмотр> (объект: interface оператор: S) прошло успешно.
22.03.08 15:26:16.984 [Info]: Проверка прав <Справочник меню> на <просмотр>
22.03.08 15:26:17.000 [Info]: Проверка прав <Справочник меню> на <просмотр> (объект: menu оператор: S) прошло успешно.
22.03.08 15:26:17.000 [Info]: Проверка прав <Справочник меню> на <просмотр> (объект: interface оператор: S) прошло успешно.
22.03.08 15:26:17.000 [Info]: Проверка прав <Справочник панелей инструментов> на <просмотр>
22.03.08 15:26:17.015 [Info]: Проверка прав <Справочник панелей инструментов> на <просмотр> (объект: toolbar оператор: S) прошло успешно.
22.03.08 15:26:17.015 [Info]: Проверка прав <Справочник элементов панелей> на <просмотр>
22.03.08 15:26:17.015 [Info]: Проверка прав <Справочник элементов панелей> на <просмотр> (объект: toolbutton оператор: S) прошло успешно.
22.03.08 15:26:17.031 [Info]: Проверка прав <Справочник элементов панелей> на <просмотр> (объект: toolbar оператор: S) прошло успешно.
22.03.08 15:26:17.031 [Info]: Проверка прав <Справочник элементов панелей> на <просмотр> (объект: interface оператор: S) прошло успешно.
22.03.08 15:26:17.031 [Info]: Проверка прав <Справочник прав интерфейса> на <просмотр>
22.03.08 15:26:17.046 [Info]: Проверка прав <Справочник прав интерфейса> на <просмотр> (объект: interfacepermission оператор: S) прошло успешно.
22.03.08 15:26:17.046 [Info]: Проверка прав <Справочник прав интерфейса> на <просмотр> (объект: interface оператор: S) прошло успешно.
22.03.08 15:26:17.062 [Info]: Загрузка библиотеки U:\Install\STBasis\design.dll прошла успешно.
22.03.08 15:26:17.062 [Info]: Начало загрузки библиотеки U:\Install\STBasis\interpreter.dll ...
22.03.08 15:26:17.140 [Info]: Вызов интерфейса <Запрос>.
22.03.08 15:26:17.187 [Info]: Вызов интерфейса <Запрос> прошел успешно.
22.03.08 15:26:17.203 [Info]: Загрузка библиотеки U:\Install\STBasis\interpreter.dll прошла успешно.
22.03.08 15:26:17.203 [Info]: Начало загрузки библиотеки U:\Install\STBasis\midas.dll ...
22.03.08 15:26:17.234 [Warn]: Загрузка библиотеки U:\Install\STBasis\midas.dll не произошло.
22.03.08 15:26:17.234 [Info]: Начало загрузки библиотеки U:\Install\STBasis\systems.dll ...
22.03.08 15:26:17.406 [Info]: Проверка прав <Справочник пользователей> на <просмотр>
22.03.08 15:26:17.421 [Info]: Проверка прав <Справочник пользователей> на <просмотр> (объект: users оператор: S) прошло успешно.
22.03.08 15:26:17.421 [Info]: Проверка прав <Справочник приложений> на <просмотр>
22.03.08 15:26:17.437 [Info]: Проверка прав <Справочник приложений> на <просмотр> (объект: app оператор: S) прошло успешно.
22.03.08 15:26:17.437 [Info]: Проверка прав <Справочник приложений доступных пользователям> на <просмотр>
22.03.08 15:26:17.437 [Info]: Проверка прав <Справочник приложений доступных пользователям> на <просмотр> (объект: users оператор: S) прошло успешно.
22.03.08 15:26:17.453 [Info]: Проверка прав <Справочник приложений доступных пользователям> на <просмотр> (объект: usersapp оператор: S) прошло успешно.
22.03.08 15:26:17.453 [Info]: Проверка прав <Справочник приложений доступных пользователям> на <просмотр> (объект: app оператор: S) прошло успешно.
22.03.08 15:26:17.453 [Info]: Проверка прав <Права> на <просмотр>
22.03.08 15:26:17.468 [Info]: Проверка прав <Права> на <просмотр> (объект: app оператор: S) прошло успешно.
22.03.08 15:26:17.468 [Info]: Проверка прав <Журнал ошибок> на <просмотр>
22.03.08 15:26:17.484 [Info]: Проверка прав <Журнал ошибок> на <просмотр> (объект: journalerror оператор: S) прошло успешно.
22.03.08 15:26:17.484 [Info]: Проверка прав <Журнал ошибок> на <просмотр> (объект: users оператор: S) прошло успешно.
22.03.08 15:26:17.500 [Info]: Загрузка библиотеки U:\Install\STBasis\systems.dll прошла успешно.
22.03.08 15:26:17.500 [Info]: Почти все готово ...
22.03.08 15:26:21.156 [Info]: Проверка прав <Справочник приложений> на <просмотр>
22.03.08 15:26:21.156 [Info]: Проверка прав <Справочник приложений> на <просмотр> (объект: app оператор: S) прошло успешно.
22.03.08 15:26:21.156 [Info]: Проверка прав <Справочник приложений> на <изменение>
22.03.08 15:26:21.156 [Info]: Проверка прав <Справочник приложений> на <изменение> (объект: app оператор: U) прошло успешно.
22.03.08 15:26:21.171 [Info]: Проверка прав <Справочник приложений> на <вставку>
22.03.08 15:26:21.171 [Info]: Проверка прав <Справочник приложений> на <вставку> (объект: app оператор: I) прошло успешно.
22.03.08 15:26:21.171 [Info]: Проверка прав <Справочник приложений> на <удаление>
22.03.08 15:26:21.187 [Info]: Проверка прав <Справочник приложений> на <удаление> (объект: app оператор: D) прошло успешно.
22.03.08 15:26:27.546 [Info]: Вызов интерфейса <Запрос>.
22.03.08 15:26:27.546 [Info]: Вызов интерфейса <Запрос> прошел успешно.
22.03.08 15:26:30.046 [Info]: Вызов интерфейса <Запрос>.
22.03.08 15:26:30.046 [Info]: Вызов интерфейса <Запрос> прошел успешно.
22.03.08 15:26:31.312 [Info]: Сохранение настроек ...
22.03.08 15:26:31.375 [Info]: Выгрузка ...
22.03.08 15:26:45.187 [Info]: -----------------------------------------------------------------------
22.03.08 15:26:45.187 [Info]: Поиск сервера ...
22.03.08 15:26:45.187 [Info]: Соединение с сервером ...
22.03.08 15:26:45.203 [Info]: Идентификация ...
22.03.08 15:26:45.203 [Info]: Загрузка ...
22.03.08 15:26:45.203 [Info]: Проверка прав <Справочник констант> на <просмотр>
22.03.08 15:26:45.203 [Info]: Проверка прав <Справочник констант> на <просмотр> (объект: constex оператор: S) прошло успешно.
22.03.08 15:26:45.281 [Info]: Начало загрузки библиотеки U:\Install\STBasis\components.dll ...
22.03.08 15:26:45.812 [Info]: Загрузка библиотеки U:\Install\STBasis\components.dll прошла успешно.
22.03.08 15:26:45.812 [Info]: Начало загрузки библиотеки U:\Install\STBasis\design.dll ...
22.03.08 15:26:46.218 [Info]: Проверка прав <Справочник интерфейсов> на <просмотр>
22.03.08 15:26:46.218 [Info]: Проверка прав <Справочник интерфейсов> на <просмотр> (объект: interface оператор: S) прошло успешно.
22.03.08 15:26:46.234 [Info]: Проверка прав <Справочник меню> на <просмотр>
22.03.08 15:26:46.234 [Info]: Проверка прав <Справочник меню> на <просмотр> (объект: menu оператор: S) прошло успешно.
22.03.08 15:26:46.234 [Info]: Проверка прав <Справочник меню> на <просмотр> (объект: interface оператор: S) прошло успешно.
22.03.08 15:26:46.250 [Info]: Проверка прав <Справочник панелей инструментов> на <просмотр>
22.03.08 15:26:46.250 [Info]: Проверка прав <Справочник панелей инструментов> на <просмотр> (объект: toolbar оператор: S) прошло успешно.
22.03.08 15:26:46.250 [Info]: Проверка прав <Справочник элементов панелей> на <просмотр>
22.03.08 15:26:46.265 [Info]: Проверка прав <Справочник элементов панелей> на <просмотр> (объект: toolbutton оператор: S) прошло успешно.
22.03.08 15:26:46.265 [Info]: Проверка прав <Справочник элементов панелей> на <просмотр> (объект: toolbar оператор: S) прошло успешно.
22.03.08 15:26:46.265 [Info]: Проверка прав <Справочник элементов панелей> на <просмотр> (объект: interface оператор: S) прошло успешно.
22.03.08 15:26:46.265 [Info]: Проверка прав <Справочник прав интерфейса> на <просмотр>
22.03.08 15:26:46.281 [Info]: Проверка прав <Справочник прав интерфейса> на <просмотр> (объект: interfacepermission оператор: S) прошло успешно.
22.03.08 15:26:46.281 [Info]: Проверка прав <Справочник прав интерфейса> на <просмотр> (объект: interface оператор: S) прошло успешно.
22.03.08 15:26:46.296 [Info]: Загрузка библиотеки U:\Install\STBasis\design.dll прошла успешно.
22.03.08 15:26:46.296 [Info]: Начало загрузки библиотеки U:\Install\STBasis\interpreter.dll ...
22.03.08 15:26:46.312 [Info]: Вызов интерфейса <Запрос>.
22.03.08 15:26:46.328 [Info]: Вызов интерфейса <Запрос> прошел успешно.
22.03.08 15:26:46.343 [Info]: Загрузка библиотеки U:\Install\STBasis\interpreter.dll прошла успешно.
22.03.08 15:26:46.343 [Info]: Начало загрузки библиотеки U:\Install\STBasis\midas.dll ...
22.03.08 15:26:46.343 [Warn]: Загрузка библиотеки U:\Install\STBasis\midas.dll не произошло.
22.03.08 15:26:46.343 [Info]: Начало загрузки библиотеки U:\Install\STBasis\systems.dll ...
22.03.08 15:26:46.406 [Info]: Проверка прав <Справочник пользователей> на <просмотр>
22.03.08 15:26:46.421 [Info]: Проверка прав <Справочник пользователей> на <просмотр> (объект: users оператор: S) прошло успешно.
22.03.08 15:26:46.421 [Info]: Проверка прав <Справочник приложений> на <просмотр>
22.03.08 15:26:46.437 [Info]: Проверка прав <Справочник приложений> на <просмотр> (объект: app оператор: S) прошло успешно.
22.03.08 15:26:46.437 [Info]: Проверка прав <Справочник приложений доступных пользователям> на <просмотр>
22.03.08 15:26:46.453 [Info]: Проверка прав <Справочник приложений доступных пользователям> на <просмотр> (объект: users оператор: S) прошло успешно.
22.03.08 15:26:46.453 [Info]: Проверка прав <Справочник приложений доступных пользователям> на <просмотр> (объект: usersapp оператор: S) прошло успешно.
22.03.08 15:26:46.453 [Info]: Проверка прав <Справочник приложений доступных пользователям> на <просмотр> (объект: app оператор: S) прошло успешно.
22.03.08 15:26:46.453 [Info]: Проверка прав <Права> на <просмотр>
22.03.08 15:26:46.453 [Info]: Проверка прав <Права> на <просмотр> (объект: app оператор: S) прошло успешно.
22.03.08 15:26:46.468 [Info]: Проверка прав <Журнал ошибок> на <просмотр>
22.03.08 15:26:46.468 [Info]: Проверка прав <Журнал ошибок> на <просмотр> (объект: journalerror оператор: S) прошло успешно.
22.03.08 15:26:46.484 [Info]: Проверка прав <Журнал ошибок> на <просмотр> (объект: users оператор: S) прошло успешно.
22.03.08 15:26:46.484 [Info]: Загрузка библиотеки U:\Install\STBasis\systems.dll прошла успешно.
22.03.08 15:26:46.500 [Info]: Почти все готово ...
22.03.08 15:58:19.250 [Info]: Вызов интерфейса <Справочник констант>.
22.03.08 15:58:19.250 [Info]: Проверка прав <Справочник констант> на <просмотр>
22.03.08 15:58:19.250 [Info]: Проверка прав <Справочник констант> на <просмотр> (объект: constex оператор: S) прошло успешно.
22.03.08 15:58:19.296 [Info]: Проверка прав <Справочник констант> на <просмотр>
22.03.08 15:58:19.296 [Info]: Проверка прав <Справочник констант> на <просмотр> (объект: constex оператор: S) прошло успешно.
22.03.08 15:58:19.312 [Info]: Проверка прав <Справочник констант> на <изменение>
22.03.08 15:58:19.312 [Info]: Проверка прав <Справочник констант> на <изменение> (объект: constex оператор: U) прошло успешно.
22.03.08 15:58:19.312 [Info]: Проверка прав <Справочник констант> на <вставку>
22.03.08 15:58:19.328 [Info]: Проверка прав <Справочник констант> на <вставку> (объект: constex оператор: I) прошло успешно.
22.03.08 15:58:19.328 [Info]: Проверка прав <Справочник констант> на <удаление>
22.03.08 15:58:19.343 [Info]: Проверка прав <Справочник констант> на <удаление> (объект: constex оператор: D) прошло успешно.
22.03.08 15:58:19.406 [Info]: Вызов интерфейса <Справочник констант> прошел успешно.
22.03.08 15:58:49.765 [Info]: Проверка прав <Справочник интерфейсов> на <просмотр>
22.03.08 15:58:49.765 [Info]: Проверка прав <Справочник интерфейсов> на <просмотр> (объект: interface оператор: S) прошло успешно.
22.03.08 15:58:49.765 [Info]: Проверка прав <Справочник интерфейсов> на <изменение>
22.03.08 15:58:49.781 [Info]: Проверка прав <Справочник интерфейсов> на <изменение> (объект: interface оператор: U) прошло успешно.
22.03.08 15:58:49.781 [Info]: Проверка прав <Справочник интерфейсов> на <вставку>
22.03.08 15:58:49.796 [Info]: Проверка прав <Справочник интерфейсов> на <вставку> (объект: interface оператор: I) прошло успешно.
22.03.08 15:58:49.796 [Info]: Проверка прав <Справочник интерфейсов> на <удаление>
22.03.08 15:58:49.812 [Info]: Проверка прав <Справочник интерфейсов> на <удаление> (объект: interface оператор: D) прошло успешно.
22.03.08 16:00:27.375 [Info]: Проверка прав <Справочник меню> на <просмотр>
22.03.08 16:00:27.375 [Info]: Проверка прав <Справочник меню> на <просмотр> (объект: menu оператор: S) прошло успешно.
22.03.08 16:00:27.375 [Info]: Проверка прав <Справочник меню> на <просмотр> (объект: interface оператор: S) прошло успешно.
22.03.08 16:00:27.375 [Info]: Проверка прав <Справочник меню> на <изменение>
22.03.08 16:00:27.390 [Info]: Проверка прав <Справочник меню> на <изменение> (объект: menu оператор: U) прошло успешно.
22.03.08 16:00:27.390 [Info]: Проверка прав <Справочник меню> на <вставку>
22.03.08 16:00:27.406 [Info]: Проверка прав <Справочник меню> на <вставку> (объект: menu оператор: I) прошло успешно.
22.03.08 16:00:27.406 [Info]: Проверка прав <Справочник меню> на <удаление>
22.03.08 16:00:27.406 [Info]: Проверка прав <Справочник меню> на <удаление> (объект: menu оператор: D) прошло успешно.
22.03.08 16:00:37.093 [Info]: Вызов интерфейса <Справочник меню>.
22.03.08 16:00:37.140 [Info]: Проверка прав <Справочник меню> на <просмотр>
22.03.08 16:00:37.140 [Info]: Проверка прав <Справочник меню> на <просмотр> (объект: menu оператор: S) прошло успешно.
22.03.08 16:00:37.140 [Info]: Проверка прав <Справочник меню> на <просмотр> (объект: interface оператор: S) прошло успешно.
22.03.08 16:00:37.140 [Info]: Проверка прав <Справочник меню> на <изменение>
22.03.08 16:00:37.140 [Info]: Проверка прав <Справочник меню> на <изменение> (объект: menu оператор: U) прошло успешно.
22.03.08 16:00:37.156 [Info]: Проверка прав <Справочник меню> на <вставку>
22.03.08 16:00:37.156 [Info]: Проверка прав <Справочник меню> на <вставку> (объект: menu оператор: I) прошло успешно.
22.03.08 16:00:37.156 [Info]: Проверка прав <Справочник меню> на <удаление>
22.03.08 16:00:37.156 [Info]: Проверка прав <Справочник меню> на <удаление> (объект: menu оператор: D) прошло успешно.
22.03.08 16:00:38.421 [Info]: Вызов интерфейса <Справочник меню> прошел успешно.
22.03.08 16:00:39.453 [Info]: Вызов интерфейса <Справочник интерфейсов>.
22.03.08 16:00:39.484 [Info]: Проверка прав <Справочник интерфейсов> на <просмотр>
22.03.08 16:00:39.500 [Info]: Проверка прав <Справочник интерфейсов> на <просмотр> (объект: interface оператор: S) прошло успешно.
22.03.08 16:00:39.500 [Info]: Проверка прав <Справочник интерфейсов> на <изменение>
22.03.08 16:00:39.500 [Info]: Проверка прав <Справочник интерфейсов> на <изменение> (объект: interface оператор: U) прошло успешно.
22.03.08 16:00:39.500 [Info]: Проверка прав <Справочник интерфейсов> на <вставку>
22.03.08 16:00:39.500 [Info]: Проверка прав <Справочник интерфейсов> на <вставку> (объект: interface оператор: I) прошло успешно.
22.03.08 16:00:39.500 [Info]: Проверка прав <Справочник интерфейсов> на <удаление>
22.03.08 16:00:39.500 [Info]: Проверка прав <Справочник интерфейсов> на <удаление> (объект: interface оператор: D) прошло успешно.
22.03.08 16:00:40.390 [Info]: Вызов интерфейса <Справочник интерфейсов> прошел успешно.
22.03.08 16:00:48.515 [Info]: Сохранение настроек ...
22.03.08 16:00:48.578 [Info]: Выгрузка ...
22.03.08 16:00:57.656 [Info]: -----------------------------------------------------------------------
22.03.08 16:00:57.656 [Info]: Поиск сервера ...
22.03.08 16:00:57.656 [Info]: Соединение с сервером ...
22.03.08 16:00:57.656 [Info]: Идентификация ...
22.03.08 16:00:57.656 [Info]: Загрузка ...
22.03.08 16:00:57.656 [Info]: Проверка прав <Справочник констант> на <просмотр>
22.03.08 16:00:57.671 [Info]: Проверка прав <Справочник констант> на <просмотр> (объект: constex оператор: S) прошло успешно.
22.03.08 16:00:57.734 [Info]: Начало загрузки библиотеки U:\Install\STBasis\components.dll ...
22.03.08 16:00:58.312 [Info]: Загрузка библиотеки U:\Install\STBasis\components.dll прошла успешно.
22.03.08 16:00:58.312 [Info]: Начало загрузки библиотеки U:\Install\STBasis\design.dll ...
22.03.08 16:00:58.718 [Info]: Проверка прав <Справочник интерфейсов> на <просмотр>
22.03.08 16:00:58.734 [Info]: Проверка прав <Справочник интерфейсов> на <просмотр> (объект: interface оператор: S) прошло успешно.
22.03.08 16:00:58.734 [Info]: Проверка прав <Справочник меню> на <просмотр>
22.03.08 16:00:58.750 [Info]: Проверка прав <Справочник меню> на <просмотр> (объект: menu оператор: S) прошло успешно.
22.03.08 16:00:58.750 [Info]: Проверка прав <Справочник меню> на <просмотр> (объект: interface оператор: S) прошло успешно.
22.03.08 16:00:58.750 [Info]: Проверка прав <Справочник панелей инструментов> на <просмотр>
22.03.08 16:00:58.750 [Info]: Проверка прав <Справочник панелей инструментов> на <просмотр> (объект: toolbar оператор: S) прошло успешно.
22.03.08 16:00:58.765 [Info]: Проверка прав <Справочник элементов панелей> на <просмотр>
22.03.08 16:00:58.765 [Info]: Проверка прав <Справочник элементов панелей> на <просмотр> (объект: toolbutton оператор: S) прошло успешно.
22.03.08 16:00:58.765 [Info]: Проверка прав <Справочник элементов панелей> на <просмотр> (объект: toolbar оператор: S) прошло успешно.
22.03.08 16:00:58.781 [Info]: Проверка прав <Справочник элементов панелей> на <просмотр> (объект: interface оператор: S) прошло успешно.
22.03.08 16:00:58.781 [Info]: Проверка прав <Справочник прав интерфейса> на <просмотр>
22.03.08 16:00:58.796 [Info]: Проверка прав <Справочник прав интерфейса> на <просмотр> (объект: interfacepermission оператор: S) прошло успешно.
22.03.08 16:00:58.796 [Info]: Проверка прав <Справочник прав интерфейса> на <просмотр> (объект: interface оператор: S) прошло успешно.
22.03.08 16:00:58.812 [Info]: Загрузка библиотеки U:\Install\STBasis\design.dll прошла успешно.
22.03.08 16:00:58.812 [Info]: Начало загрузки библиотеки U:\Install\STBasis\interpreter.dll ...
22.03.08 16:00:58.828 [Info]: Вызов интерфейса <Запрос>.
22.03.08 16:00:58.828 [Info]: Вызов интерфейса <Запрос> прошел успешно.
22.03.08 16:00:58.843 [Info]: Вызов интерфейса <Запрос>.
22.03.08 16:00:58.843 [Info]: Вызов интерфейса <Запрос> прошел успешно.
22.03.08 16:00:58.859 [Info]: Загрузка библиотеки U:\Install\STBasis\interpreter.dll прошла успешно.
22.03.08 16:00:58.859 [Info]: Начало загрузки библиотеки U:\Install\STBasis\midas.dll ...
22.03.08 16:00:58.859 [Warn]: Загрузка библиотеки U:\Install\STBasis\midas.dll не произошло.
22.03.08 16:00:58.859 [Info]: Начало загрузки библиотеки U:\Install\STBasis\systems.dll ...
22.03.08 16:00:58.937 [Info]: Проверка прав <Справочник пользователей> на <просмотр>
22.03.08 16:00:58.937 [Info]: Проверка прав <Справочник пользователей> на <просмотр> (объект: users оператор: S) прошло успешно.
22.03.08 16:00:58.953 [Info]: Проверка прав <Справочник приложений> на <просмотр>
22.03.08 16:00:58.953 [Info]: Проверка прав <Справочник приложений> на <просмотр> (объект: app оператор: S) прошло успешно.
22.03.08 16:00:58.968 [Info]: Проверка прав <Справочник приложений доступных пользователям> на <просмотр>
22.03.08 16:00:58.968 [Info]: Проверка прав <Справочник приложений доступных пользователям> на <просмотр> (объект: users оператор: S) прошло успешно.
22.03.08 16:00:58.984 [Info]: Проверка прав <Справочник приложений доступных пользователям> на <просмотр> (объект: usersapp оператор: S) прошло успешно.
22.03.08 16:00:58.984 [Info]: Проверка прав <Справочник приложений доступных пользователям> на <просмотр> (объект: app оператор: S) прошло успешно.
22.03.08 16:00:58.984 [Info]: Проверка прав <Права> на <просмотр>
22.03.08 16:00:58.984 [Info]: Проверка прав <Права> на <просмотр> (объект: app оператор: S) прошло успешно.
22.03.08 16:00:58.984 [Info]: Проверка прав <Журнал ошибок> на <просмотр>
22.03.08 16:00:59.000 [Info]: Проверка прав <Журнал ошибок> на <просмотр> (объект: journalerror оператор: S) прошло успешно.
22.03.08 16:00:59.000 [Info]: Проверка прав <Журнал ошибок> на <просмотр> (объект: users оператор: S) прошло успешно.
22.03.08 16:00:59.015 [Info]: Загрузка библиотеки U:\Install\STBasis\systems.dll прошла успешно.
22.03.08 16:00:59.031 [Info]: Почти все готово ...
22.03.08 16:01:30.484 [Info]: Проверка прав <Справочник приложений> на <просмотр>
22.03.08 16:01:30.484 [Info]: Проверка прав <Справочник приложений> на <просмотр> (объект: app оператор: S) прошло успешно.
22.03.08 16:01:30.484 [Info]: Проверка прав <Справочник приложений> на <изменение>
22.03.08 16:01:30.500 [Info]: Проверка прав <Справочник приложений> на <изменение> (объект: app оператор: U) прошло успешно.
22.03.08 16:01:30.500 [Info]: Проверка прав <Справочник приложений> на <вставку>
22.03.08 16:01:30.515 [Info]: Проверка прав <Справочник приложений> на <вставку> (объект: app оператор: I) прошло успешно.
22.03.08 16:01:30.515 [Info]: Проверка прав <Справочник приложений> на <удаление>
22.03.08 16:01:30.531 [Info]: Проверка прав <Справочник приложений> на <удаление> (объект: app оператор: D) прошло успешно.
22.03.08 16:01:33.578 [Info]: Вызов интерфейса <Справочник констант>.
22.03.08 16:01:33.578 [Info]: Проверка прав <Справочник констант> на <просмотр>
22.03.08 16:01:33.578 [Info]: Проверка прав <Справочник констант> на <просмотр> (объект: constex оператор: S) прошло успешно.
22.03.08 16:01:33.625 [Info]: Проверка прав <Справочник констант> на <просмотр>
22.03.08 16:01:33.625 [Info]: Проверка прав <Справочник констант> на <просмотр> (объект: constex оператор: S) прошло успешно.
22.03.08 16:01:33.625 [Info]: Проверка прав <Справочник констант> на <изменение>
22.03.08 16:01:33.625 [Info]: Проверка прав <Справочник констант> на <изменение> (объект: constex оператор: U) прошло успешно.
22.03.08 16:01:33.625 [Info]: Проверка прав <Справочник констант> на <вставку>
22.03.08 16:01:33.640 [Info]: Проверка прав <Справочник констант> на <вставку> (объект: constex оператор: I) прошло успешно.
22.03.08 16:01:33.640 [Info]: Проверка прав <Справочник констант> на <удаление>
22.03.08 16:01:33.656 [Info]: Проверка прав <Справочник констант> на <удаление> (объект: constex оператор: D) прошло успешно.
22.03.08 16:01:33.671 [Info]: Вызов интерфейса <Справочник констант> прошел успешно.
22.03.08 16:01:34.500 [Info]: Вызов интерфейса <Запрос>.
22.03.08 16:01:34.546 [Info]: Вызов интерфейса <Запрос> прошел успешно.
22.03.08 16:01:38.234 [Info]: Сохранение настроек ...
22.03.08 16:01:38.312 [Info]: Выгрузка ...
22.03.08 16:25:53.906 [Info]: -----------------------------------------------------------------------
22.03.08 16:25:53.906 [Info]: Поиск сервера ...
22.03.08 16:25:53.921 [Info]: Соединение с сервером ...
22.03.08 16:25:53.921 [Info]: Соединение с сервером ...
22.03.08 16:25:53.921 [Info]: Идентификация ...
22.03.08 16:25:53.921 [Info]: Загрузка ...
22.03.08 16:25:53.921 [Info]: Проверка прав <Справочник констант> на <просмотр>
22.03.08 16:25:53.937 [Info]: Проверка прав <Справочник констант> на <просмотр> (объект: constex оператор: S) прошло успешно.
22.03.08 16:25:54.000 [Info]: Начало загрузки библиотеки U:\Install\STBasis\components.dll ...
22.03.08 16:25:54.546 [Info]: Загрузка библиотеки U:\Install\STBasis\components.dll прошла успешно.
22.03.08 16:25:54.546 [Info]: Начало загрузки библиотеки U:\Install\STBasis\design.dll ...
22.03.08 16:25:55.031 [Info]: Проверка прав <Справочник интерфейсов> на <просмотр>
22.03.08 16:25:55.046 [Info]: Проверка прав <Справочник интерфейсов> на <просмотр> (объект: interface оператор: S) прошло успешно.
22.03.08 16:25:55.062 [Info]: Проверка прав <Справочник меню> на <просмотр>
22.03.08 16:25:55.078 [Info]: Проверка прав <Справочник меню> на <просмотр> (объект: menu оператор: S) прошло успешно.
22.03.08 16:25:55.078 [Info]: Проверка прав <Справочник меню> на <просмотр> (объект: interface оператор: S) прошло успешно.
22.03.08 16:25:55.078 [Info]: Проверка прав <Справочник панелей инструментов> на <просмотр>
22.03.08 16:25:55.093 [Info]: Проверка прав <Справочник панелей инструментов> на <просмотр> (объект: toolbar оператор: S) прошло успешно.
22.03.08 16:25:55.109 [Info]: Проверка прав <Справочник элементов панелей> на <просмотр>
22.03.08 16:25:55.125 [Info]: Проверка прав <Справочник элементов панелей> на <просмотр> (объект: toolbutton оператор: S) прошло успешно.
22.03.08 16:25:55.125 [Info]: Проверка прав <Справочник элементов панелей> на <просмотр> (объект: toolbar оператор: S) прошло успешно.
22.03.08 16:25:55.125 [Info]: Проверка прав <Справочник элементов панелей> на <просмотр> (объект: interface оператор: S) прошло успешно.
22.03.08 16:25:55.125 [Info]: Проверка прав <Справочник прав интерфейса> на <просмотр>
22.03.08 16:25:55.140 [Info]: Проверка прав <Справочник прав интерфейса> на <просмотр> (объект: interfacepermission оператор: S) прошло успешно.
22.03.08 16:25:55.140 [Info]: Проверка прав <Справочник прав интерфейса> на <просмотр> (объект: interface оператор: S) прошло успешно.
22.03.08 16:25:55.156 [Info]: Загрузка библиотеки U:\Install\STBasis\design.dll прошла успешно.
22.03.08 16:25:55.156 [Info]: Начало загрузки библиотеки U:\Install\STBasis\interpreter.dll ...
22.03.08 16:25:55.171 [Info]: Вызов интерфейса <Запрос>.
22.03.08 16:25:55.187 [Info]: Вызов интерфейса <Запрос> прошел успешно.
22.03.08 16:25:55.187 [Info]: Вызов интерфейса <Запрос>.
22.03.08 16:25:55.187 [Info]: Вызов интерфейса <Запрос> прошел успешно.
22.03.08 16:25:55.218 [Info]: Загрузка библиотеки U:\Install\STBasis\interpreter.dll прошла успешно.
22.03.08 16:25:55.218 [Info]: Начало загрузки библиотеки U:\Install\STBasis\midas.dll ...
22.03.08 16:25:55.218 [Warn]: Загрузка библиотеки U:\Install\STBasis\midas.dll не произошло.
22.03.08 16:25:55.218 [Info]: Начало загрузки библиотеки U:\Install\STBasis\systems.dll ...
22.03.08 16:25:55.296 [Info]: Проверка прав <Справочник пользователей> на <просмотр>
22.03.08 16:25:55.312 [Info]: Проверка прав <Справочник пользователей> на <просмотр> (объект: users оператор: S) прошло успешно.
22.03.08 16:25:55.312 [Info]: Проверка прав <Справочник приложений> на <просмотр>
22.03.08 16:25:55.328 [Info]: Проверка прав <Справочник приложений> на <просмотр> (объект: app оператор: S) прошло успешно.
22.03.08 16:25:55.343 [Info]: Проверка прав <Справочник приложений доступных пользователям> на <просмотр>
22.03.08 16:25:55.343 [Info]: Проверка прав <Справочник приложений доступных пользователям> на <просмотр> (объект: users оператор: S) прошло успешно.
22.03.08 16:25:55.359 [Info]: Проверка прав <Справочник приложений доступных пользователям> на <просмотр> (объект: usersapp оператор: S) прошло успешно.
22.03.08 16:25:55.359 [Info]: Проверка прав <Справочник приложений доступных пользователям> на <просмотр> (объект: app оператор: S) прошло успешно.
22.03.08 16:25:55.359 [Info]: Проверка прав <Права> на <просмотр>
22.03.08 16:25:55.359 [Info]: Проверка прав <Права> на <просмотр> (объект: app оператор: S) прошло успешно.
22.03.08 16:25:55.375 [Info]: Проверка прав <Журнал ошибок> на <просмотр>
22.03.08 16:25:55.390 [Info]: Проверка прав <Журнал ошибок> на <просмотр> (объект: journalerror оператор: S) прошло успешно.
22.03.08 16:25:55.390 [Info]: Проверка прав <Журнал ошибок> на <просмотр> (объект: users оператор: S) прошло успешно.
22.03.08 16:25:55.406 [Info]: Загрузка библиотеки U:\Install\STBasis\systems.dll прошла успешно.
22.03.08 16:25:55.406 [Info]: Почти все готово ...
22.03.08 16:26:08.921 [Info]: Проверка прав <Справочник интерфейсов> на <просмотр>
22.03.08 16:26:08.921 [Info]: Проверка прав <Справочник интерфейсов> на <просмотр> (объект: interface оператор: S) прошло успешно.
22.03.08 16:26:08.921 [Info]: Проверка прав <Справочник интерфейсов> на <изменение>
22.03.08 16:26:08.937 [Info]: Проверка прав <Справочник интерфейсов> на <изменение> (объект: interface оператор: U) прошло успешно.
22.03.08 16:26:08.937 [Info]: Проверка прав <Справочник интерфейсов> на <вставку>
22.03.08 16:26:08.953 [Info]: Проверка прав <Справочник интерфейсов> на <вставку> (объект: interface оператор: I) прошло успешно.
22.03.08 16:26:08.953 [Info]: Проверка прав <Справочник интерфейсов> на <удаление>
22.03.08 16:26:08.968 [Info]: Проверка прав <Справочник интерфейсов> на <удаление> (объект: interface оператор: D) прошло успешно.
22.03.08 16:26:11.921 [Error]: violation of FOREIGN KEY constraint "MENU_R1" on table "MENU"
 (U:\Source\DesignTsv\URBInterface.pas, строка 362)
22.03.08 16:26:14.437 [Info]: Проверка прав <Справочник панелей инструментов> на <просмотр>
22.03.08 16:26:14.453 [Info]: Проверка прав <Справочник панелей инструментов> на <просмотр> (объект: toolbar оператор: S) прошло успешно.
22.03.08 16:26:14.453 [Info]: Проверка прав <Справочник панелей инструментов> на <изменение>
22.03.08 16:26:14.468 [Info]: Проверка прав <Справочник панелей инструментов> на <изменение> (объект: toolbar оператор: U) прошло успешно.
22.03.08 16:26:14.468 [Info]: Проверка прав <Справочник панелей инструментов> на <вставку>
22.03.08 16:26:14.484 [Info]: Проверка прав <Справочник панелей инструментов> на <вставку> (объект: toolbar оператор: I) прошло успешно.
22.03.08 16:26:14.484 [Info]: Проверка прав <Справочник панелей инструментов> на <удаление>
22.03.08 16:26:14.500 [Info]: Проверка прав <Справочник панелей инструментов> на <удаление> (объект: toolbar оператор: D) прошло успешно.
22.03.08 16:26:14.671 [Info]: Проверка прав <Справочник панелей инструментов> на <просмотр>
22.03.08 16:26:14.687 [Info]: Проверка прав <Справочник панелей инструментов> на <просмотр> (объект: toolbar оператор: S) прошло успешно.
22.03.08 16:26:14.687 [Info]: Проверка прав <Справочник панелей инструментов> на <изменение>
22.03.08 16:26:14.687 [Info]: Проверка прав <Справочник панелей инструментов> на <изменение> (объект: toolbar оператор: U) прошло успешно.
22.03.08 16:26:14.687 [Info]: Проверка прав <Справочник панелей инструментов> на <вставку>
22.03.08 16:26:14.687 [Info]: Проверка прав <Справочник панелей инструментов> на <вставку> (объект: toolbar оператор: I) прошло успешно.
22.03.08 16:26:14.703 [Info]: Проверка прав <Справочник панелей инструментов> на <удаление>
22.03.08 16:26:14.703 [Info]: Проверка прав <Справочник панелей инструментов> на <удаление> (объект: toolbar оператор: D) прошло успешно.
22.03.08 16:26:15.296 [Info]: Проверка прав <Справочник меню> на <просмотр>
22.03.08 16:26:15.296 [Info]: Проверка прав <Справочник меню> на <просмотр> (объект: menu оператор: S) прошло успешно.
22.03.08 16:26:15.296 [Info]: Проверка прав <Справочник меню> на <просмотр> (объект: interface оператор: S) прошло успешно.
22.03.08 16:26:15.312 [Info]: Проверка прав <Справочник меню> на <изменение>
22.03.08 16:26:15.328 [Info]: Проверка прав <Справочник меню> на <изменение> (объект: menu оператор: U) прошло успешно.
22.03.08 16:26:15.328 [Info]: Проверка прав <Справочник меню> на <вставку>
22.03.08 16:26:15.343 [Info]: Проверка прав <Справочник меню> на <вставку> (объект: menu оператор: I) прошло успешно.
22.03.08 16:26:15.343 [Info]: Проверка прав <Справочник меню> на <удаление>
22.03.08 16:26:15.375 [Info]: Проверка прав <Справочник меню> на <удаление> (объект: menu оператор: D) прошло успешно.
22.03.08 16:26:23.921 [Info]: Проверка прав <Справочник интерфейсов> на <просмотр>
22.03.08 16:26:23.921 [Info]: Проверка прав <Справочник интерфейсов> на <просмотр> (объект: interface оператор: S) прошло успешно.
22.03.08 16:26:23.921 [Info]: Проверка прав <Справочник интерфейсов> на <изменение>
22.03.08 16:26:23.937 [Info]: Проверка прав <Справочник интерфейсов> на <изменение> (объект: interface оператор: U) прошло успешно.
22.03.08 16:26:23.937 [Info]: Проверка прав <Справочник интерфейсов> на <вставку>
22.03.08 16:26:23.937 [Info]: Проверка прав <Справочник интерфейсов> на <вставку> (объект: interface оператор: I) прошло успешно.
22.03.08 16:26:23.937 [Info]: Проверка прав <Справочник интерфейсов> на <удаление>
22.03.08 16:26:23.937 [Info]: Проверка прав <Справочник интерфейсов> на <удаление> (объект: interface оператор: D) прошло успешно.
22.03.08 16:26:24.156 [Info]: Проверка прав <Справочник интерфейсов> на <просмотр>
22.03.08 16:26:24.171 [Info]: Проверка прав <Справочник интерфейсов> на <просмотр> (объект: interface оператор: S) прошло успешно.
22.03.08 16:26:24.171 [Info]: Проверка прав <Справочник интерфейсов> на <изменение>
22.03.08 16:26:24.171 [Info]: Проверка прав <Справочник интерфейсов> на <изменение> (объект: interface оператор: U) прошло успешно.
22.03.08 16:26:24.171 [Info]: Проверка прав <Справочник интерфейсов> на <вставку>
22.03.08 16:26:24.171 [Info]: Проверка прав <Справочник интерфейсов> на <вставку> (объект: interface оператор: I) прошло успешно.
22.03.08 16:26:24.171 [Info]: Проверка прав <Справочник интерфейсов> на <удаление>
22.03.08 16:26:24.171 [Info]: Проверка прав <Справочник интерфейсов> на <удаление> (объект: interface оператор: D) прошло успешно.
22.03.08 16:26:42.015 [Info]: Сохранение настроек ...
22.03.08 16:26:42.109 [Info]: Выгрузка ...
22.03.08 16:26:56.765 [Info]: -----------------------------------------------------------------------
22.03.08 16:26:56.765 [Info]: Поиск сервера ...
22.03.08 16:26:56.765 [Info]: Соединение с сервером ...
22.03.08 16:26:56.765 [Info]: Идентификация ...
22.03.08 16:26:56.765 [Info]: Загрузка ...
22.03.08 16:26:56.765 [Info]: Проверка прав <Справочник констант> на <просмотр>
22.03.08 16:26:56.796 [Info]: Проверка прав <Справочник констант> на <просмотр> (объект: constex оператор: S) прошло успешно.
22.03.08 16:26:56.859 [Info]: Начало загрузки библиотеки U:\Install\STBasis\components.dll ...
22.03.08 16:26:57.421 [Info]: Загрузка библиотеки U:\Install\STBasis\components.dll прошла успешно.
22.03.08 16:26:57.421 [Info]: Начало загрузки библиотеки U:\Install\STBasis\design.dll ...
22.03.08 16:26:57.921 [Info]: Проверка прав <Справочник интерфейсов> на <просмотр>
22.03.08 16:26:57.937 [Info]: Проверка прав <Справочник интерфейсов> на <просмотр> (объект: interface оператор: S) прошло успешно.
22.03.08 16:26:57.953 [Info]: Проверка прав <Справочник меню> на <просмотр>
22.03.08 16:26:57.968 [Info]: Проверка прав <Справочник меню> на <просмотр> (объект: menu оператор: S) прошло успешно.
22.03.08 16:26:57.968 [Info]: Проверка прав <Справочник меню> на <просмотр> (объект: interface оператор: S) прошло успешно.
22.03.08 16:26:57.968 [Info]: Проверка прав <Справочник панелей инструментов> на <просмотр>
22.03.08 16:26:57.984 [Info]: Проверка прав <Справочник панелей инструментов> на <просмотр> (объект: toolbar оператор: S) прошло успешно.
22.03.08 16:26:58.000 [Info]: Проверка прав <Справочник элементов панелей> на <просмотр>
22.03.08 16:26:58.015 [Info]: Проверка прав <Справочник элементов панелей> на <просмотр> (объект: toolbutton оператор: S) прошло успешно.
22.03.08 16:26:58.015 [Info]: Проверка прав <Справочник элементов панелей> на <просмотр> (объект: toolbar оператор: S) прошло успешно.
22.03.08 16:26:58.015 [Info]: Проверка прав <Справочник элементов панелей> на <просмотр> (объект: interface оператор: S) прошло успешно.
22.03.08 16:26:58.015 [Info]: Проверка прав <Справочник прав интерфейса> на <просмотр>
22.03.08 16:26:58.031 [Info]: Проверка прав <Справочник прав интерфейса> на <просмотр> (объект: interfacepermission оператор: S) прошло успешно.
22.03.08 16:26:58.031 [Info]: Проверка прав <Справочник прав интерфейса> на <просмотр> (объект: interface оператор: S) прошло успешно.
22.03.08 16:26:58.046 [Info]: Загрузка библиотеки U:\Install\STBasis\design.dll прошла успешно.
22.03.08 16:26:58.046 [Info]: Начало загрузки библиотеки U:\Install\STBasis\interpreter.dll ...
22.03.08 16:26:58.062 [Info]: Вызов интерфейса <Запрос>.
22.03.08 16:26:58.109 [Info]: Вызов интерфейса <Запрос> прошел успешно.
22.03.08 16:26:58.140 [Info]: Загрузка библиотеки U:\Install\STBasis\interpreter.dll прошла успешно.
22.03.08 16:26:58.140 [Info]: Начало загрузки библиотеки U:\Install\STBasis\midas.dll ...
22.03.08 16:26:58.140 [Warn]: Загрузка библиотеки U:\Install\STBasis\midas.dll не произошло.
22.03.08 16:26:58.140 [Info]: Начало загрузки библиотеки U:\Install\STBasis\systems.dll ...
22.03.08 16:26:58.203 [Info]: Проверка прав <Справочник пользователей> на <просмотр>
22.03.08 16:26:58.218 [Info]: Проверка прав <Справочник пользователей> на <просмотр> (объект: users оператор: S) прошло успешно.
22.03.08 16:26:58.218 [Info]: Проверка прав <Справочник приложений> на <просмотр>
22.03.08 16:26:58.234 [Info]: Проверка прав <Справочник приложений> на <просмотр> (объект: app оператор: S) прошло успешно.
22.03.08 16:26:58.250 [Info]: Проверка прав <Справочник приложений доступных пользователям> на <просмотр>
22.03.08 16:26:58.250 [Info]: Проверка прав <Справочник приложений доступных пользователям> на <просмотр> (объект: users оператор: S) прошло успешно.
22.03.08 16:26:58.265 [Info]: Проверка прав <Справочник приложений доступных пользователям> на <просмотр> (объект: usersapp оператор: S) прошло успешно.
22.03.08 16:26:58.265 [Info]: Проверка прав <Справочник приложений доступных пользователям> на <просмотр> (объект: app оператор: S) прошло успешно.
22.03.08 16:26:58.265 [Info]: Проверка прав <Права> на <просмотр>
22.03.08 16:26:58.265 [Info]: Проверка прав <Права> на <просмотр> (объект: app оператор: S) прошло успешно.
22.03.08 16:26:58.281 [Info]: Проверка прав <Журнал ошибок> на <просмотр>
22.03.08 16:26:58.296 [Info]: Проверка прав <Журнал ошибок> на <просмотр> (объект: journalerror оператор: S) прошло успешно.
22.03.08 16:26:58.296 [Info]: Проверка прав <Журнал ошибок> на <просмотр> (объект: users оператор: S) прошло успешно.
22.03.08 16:26:58.312 [Info]: Загрузка библиотеки U:\Install\STBasis\systems.dll прошла успешно.
22.03.08 16:26:58.312 [Info]: Почти все готово ...
22.03.08 16:29:27.984 [Info]: Проверка прав <Справочник пользователей> на <просмотр>
22.03.08 16:29:28.000 [Info]: Проверка прав <Справочник пользователей> на <просмотр> (объект: users оператор: S) прошло успешно.
22.03.08 16:29:28.000 [Info]: Проверка прав <Справочник пользователей> на <изменение>
22.03.08 16:29:28.015 [Info]: Проверка прав <Справочник пользователей> на <изменение> (объект: users оператор: U) прошло успешно.
22.03.08 16:29:28.015 [Info]: Проверка прав <Справочник пользователей> на <вставку>
22.03.08 16:29:28.031 [Info]: Проверка прав <Справочник пользователей> на <вставку> (объект: users оператор: I) прошло успешно.
22.03.08 16:29:28.031 [Info]: Проверка прав <Справочник пользователей> на <вставку> (объект: users оператор: U) прошло успешно.
22.03.08 16:29:28.031 [Info]: Проверка прав <Справочник пользователей> на <удаление>
22.03.08 16:29:28.046 [Info]: Проверка прав <Справочник пользователей> на <удаление> (объект: users оператор: D) прошло успешно.
22.03.08 16:30:23.359 [Info]: Проверка прав <Справочник приложений> на <просмотр>
22.03.08 16:30:23.359 [Info]: Проверка прав <Справочник приложений> на <просмотр> (объект: app оператор: S) прошло успешно.
22.03.08 16:30:23.359 [Info]: Проверка прав <Справочник приложений> на <изменение>
22.03.08 16:30:23.375 [Info]: Проверка прав <Справочник приложений> на <изменение> (объект: app оператор: U) прошло успешно.
22.03.08 16:30:23.375 [Info]: Проверка прав <Справочник приложений> на <вставку>
22.03.08 16:30:23.390 [Info]: Проверка прав <Справочник приложений> на <вставку> (объект: app оператор: I) прошло успешно.
22.03.08 16:30:23.406 [Info]: Проверка прав <Справочник приложений> на <удаление>
22.03.08 16:30:23.421 [Info]: Проверка прав <Справочник приложений> на <удаление> (объект: app оператор: D) прошло успешно.
22.03.08 16:31:02.687 [Info]: Вызов интерфейса <Справочник приложений>.
22.03.08 16:31:02.687 [Info]: Вызов интерфейса <Справочник приложений> прошел успешно.
22.03.08 16:31:02.703 [Info]: Вызов интерфейса <Справочник приложений>.
22.03.08 16:31:02.703 [Info]: Вызов интерфейса <Справочник приложений> прошел успешно.
22.03.08 16:31:02.703 [Info]: Вызов интерфейса <Запрос>.
22.03.08 16:31:02.750 [Info]: Вызов интерфейса <Запрос> прошел успешно.
22.03.08 16:31:02.750 [Info]: Вызов интерфейса <Запрос>.
22.03.08 16:31:02.765 [Info]: Вызов интерфейса <Запрос> прошел успешно.
22.03.08 16:31:55.125 [Info]: Проверка прав <Справочник приложений доступных пользователям> на <просмотр>
22.03.08 16:31:55.125 [Info]: Проверка прав <Справочник приложений доступных пользователям> на <просмотр> (объект: users оператор: S) прошло успешно.
22.03.08 16:31:55.125 [Info]: Проверка прав <Справочник приложений доступных пользователям> на <просмотр> (объект: usersapp оператор: S) прошло успешно.
22.03.08 16:31:55.125 [Info]: Проверка прав <Справочник приложений доступных пользователям> на <просмотр> (объект: app оператор: S) прошло успешно.
22.03.08 16:31:55.125 [Info]: Проверка прав <Справочник приложений доступных пользователям> на <изменение>
22.03.08 16:31:55.140 [Info]: Проверка прав <Справочник приложений доступных пользователям> на <изменение> (объект: usersapp оператор: U) прошло успешно.
22.03.08 16:31:55.156 [Info]: Проверка прав <Справочник приложений доступных пользователям> на <вставку>
22.03.08 16:31:55.171 [Info]: Проверка прав <Справочник приложений доступных пользователям> на <вставку> (объект: usersapp оператор: I) прошло успешно.
22.03.08 16:31:55.171 [Info]: Проверка прав <Справочник приложений доступных пользователям> на <удаление>
22.03.08 16:31:55.187 [Info]: Проверка прав <Справочник приложений доступных пользователям> на <удаление> (объект: usersapp оператор: D) прошло успешно.
22.03.08 16:32:03.171 [Info]: Проверка прав <Журнал ошибок> на <просмотр>
22.03.08 16:32:03.187 [Info]: Проверка прав <Журнал ошибок> на <просмотр> (объект: journalerror оператор: S) прошло успешно.
22.03.08 16:32:03.187 [Info]: Проверка прав <Журнал ошибок> на <просмотр> (объект: users оператор: S) прошло успешно.
22.03.08 16:32:03.187 [Info]: Проверка прав <Журнал ошибок> на <удаление>
22.03.08 16:32:03.203 [Info]: Проверка прав <Журнал ошибок> на <удаление> (объект: journalerror оператор: D) прошло успешно.
22.03.08 16:32:43.296 [Info]: Вызов интерфейса <Справочник констант>.
22.03.08 16:32:43.296 [Info]: Проверка прав <Справочник констант> на <просмотр>
22.03.08 16:32:43.296 [Info]: Проверка прав <Справочник констант> на <просмотр> (объект: constex оператор: S) прошло успешно.
22.03.08 16:32:43.343 [Info]: Проверка прав <Справочник констант> на <просмотр>
22.03.08 16:32:43.343 [Info]: Проверка прав <Справочник констант> на <просмотр> (объект: constex оператор: S) прошло успешно.
22.03.08 16:32:43.359 [Info]: Проверка прав <Справочник констант> на <изменение>
22.03.08 16:32:43.375 [Info]: Проверка прав <Справочник констант> на <изменение> (объект: constex оператор: U) прошло успешно.
22.03.08 16:32:43.375 [Info]: Проверка прав <Справочник констант> на <вставку>
22.03.08 16:32:43.390 [Info]: Проверка прав <Справочник констант> на <вставку> (объект: constex оператор: I) прошло успешно.
22.03.08 16:32:43.390 [Info]: Проверка прав <Справочник констант> на <удаление>
22.03.08 16:32:43.406 [Info]: Проверка прав <Справочник констант> на <удаление> (объект: constex оператор: D) прошло успешно.
22.03.08 16:32:43.437 [Info]: Вызов интерфейса <Справочник констант> прошел успешно.
22.03.08 16:32:44.812 [Info]: Вызов интерфейса <Запрос>.
22.03.08 16:32:45.046 [Info]: Вызов интерфейса <Запрос> прошел успешно.
22.03.08 16:33:23.906 [Info]: Вызов интерфейса <Запрос>.
22.03.08 16:33:25.078 [Info]: Вызов интерфейса <Запрос> прошел успешно.
22.03.08 16:33:35.203 [Error]: Dynamic SQL Error
SQL error code = -204
Table unknown
USR
At line 1, column 15 (U:\Source\Main\URBQuery.pas, строка 116)
22.03.08 16:33:38.031 [Error]: Dynamic SQL Error
SQL error code = -204
Table unknown
USRS
At line 1, column 15 (U:\Source\Main\URBQuery.pas, строка 116)
22.03.08 16:33:42.937 [Error]: Dynamic SQL Error
SQL error code = -104
Token unknown - line 1, char 15
user (U:\Source\Main\URBQuery.pas, строка 116)
22.03.08 16:36:29.546 [Info]: Проверка прав <Справочник меню> на <просмотр>
22.03.08 16:36:29.562 [Info]: Проверка прав <Справочник меню> на <просмотр> (объект: menu оператор: S) прошло успешно.
22.03.08 16:36:29.562 [Info]: Проверка прав <Справочник меню> на <просмотр> (объект: interface оператор: S) прошло успешно.
22.03.08 16:36:29.562 [Info]: Проверка прав <Справочник меню> на <изменение>
22.03.08 16:36:29.578 [Info]: Проверка прав <Справочник меню> на <изменение> (объект: menu оператор: U) прошло успешно.
22.03.08 16:36:29.578 [Info]: Проверка прав <Справочник меню> на <вставку>
22.03.08 16:36:29.593 [Info]: Проверка прав <Справочник меню> на <вставку> (объект: menu оператор: I) прошло успешно.
22.03.08 16:36:29.593 [Info]: Проверка прав <Справочник меню> на <удаление>
22.03.08 16:36:29.609 [Info]: Проверка прав <Справочник меню> на <удаление> (объект: menu оператор: D) прошло успешно.
22.03.08 16:36:35.203 [Info]: Вызов интерфейса <Справочник меню>.
22.03.08 16:36:35.250 [Info]: Проверка прав <Справочник меню> на <просмотр>
22.03.08 16:36:35.250 [Info]: Проверка прав <Справочник меню> на <просмотр> (объект: menu оператор: S) прошло успешно.
22.03.08 16:36:35.265 [Info]: Проверка прав <Справочник меню> на <просмотр> (объект: interface оператор: S) прошло успешно.
22.03.08 16:36:35.265 [Info]: Проверка прав <Справочник меню> на <изменение>
22.03.08 16:36:35.265 [Info]: Проверка прав <Справочник меню> на <изменение> (объект: menu оператор: U) прошло успешно.
22.03.08 16:36:35.265 [Info]: Проверка прав <Справочник меню> на <вставку>
22.03.08 16:36:35.265 [Info]: Проверка прав <Справочник меню> на <вставку> (объект: menu оператор: I) прошло успешно.
22.03.08 16:36:35.265 [Info]: Проверка прав <Справочник меню> на <удаление>
22.03.08 16:36:35.265 [Info]: Проверка прав <Справочник меню> на <удаление> (объект: menu оператор: D) прошло успешно.
22.03.08 16:36:37.031 [Info]: Вызов интерфейса <Справочник меню> прошел успешно.
22.03.08 16:36:44.765 [Info]: Вызов интерфейса <Справочник интерфейсов>.
22.03.08 16:36:44.812 [Info]: Проверка прав <Справочник интерфейсов> на <просмотр>
22.03.08 16:36:44.812 [Info]: Проверка прав <Справочник интерфейсов> на <просмотр> (объект: interface оператор: S) прошло успешно.
22.03.08 16:36:44.812 [Info]: Проверка прав <Справочник интерфейсов> на <изменение>
22.03.08 16:36:44.828 [Info]: Проверка прав <Справочник интерфейсов> на <изменение> (объект: interface оператор: U) прошло успешно.
22.03.08 16:36:44.828 [Info]: Проверка прав <Справочник интерфейсов> на <вставку>
22.03.08 16:36:44.843 [Info]: Проверка прав <Справочник интерфейсов> на <вставку> (объект: interface оператор: I) прошло успешно.
22.03.08 16:36:44.843 [Info]: Проверка прав <Справочник интерфейсов> на <удаление>
22.03.08 16:36:44.859 [Info]: Проверка прав <Справочник интерфейсов> на <удаление> (объект: interface оператор: D) прошло успешно.
22.03.08 16:37:33.031 [Info]: Проверка прав <Справочник панелей инструментов> на <просмотр>
22.03.08 16:37:33.031 [Info]: Проверка прав <Справочник панелей инструментов> на <просмотр> (объект: toolbar оператор: S) прошло успешно.
22.03.08 16:37:33.031 [Info]: Проверка прав <Справочник панелей инструментов> на <изменение>
22.03.08 16:37:33.046 [Info]: Проверка прав <Справочник панелей инструментов> на <изменение> (объект: toolbar оператор: U) прошло успешно.
22.03.08 16:37:33.062 [Info]: Проверка прав <Справочник панелей инструментов> на <вставку>
22.03.08 16:37:33.078 [Info]: Проверка прав <Справочник панелей инструментов> на <вставку> (объект: toolbar оператор: I) прошло успешно.
22.03.08 16:37:33.078 [Info]: Проверка прав <Справочник панелей инструментов> на <удаление>
22.03.08 16:37:33.093 [Info]: Проверка прав <Справочник панелей инструментов> на <удаление> (объект: toolbar оператор: D) прошло успешно.
22.03.08 16:37:40.968 [Info]: Проверка прав <Справочник интерфейсов> на <просмотр>
22.03.08 16:37:40.968 [Info]: Проверка прав <Справочник интерфейсов> на <просмотр> (объект: interface оператор: S) прошло успешно.
22.03.08 16:37:40.968 [Info]: Проверка прав <Справочник интерфейсов> на <изменение>
22.03.08 16:37:40.968 [Info]: Проверка прав <Справочник интерфейсов> на <изменение> (объект: interface оператор: U) прошло успешно.
22.03.08 16:37:40.984 [Info]: Проверка прав <Справочник интерфейсов> на <вставку>
22.03.08 16:37:40.984 [Info]: Проверка прав <Справочник интерфейсов> на <вставку> (объект: interface оператор: I) прошло успешно.
22.03.08 16:37:40.984 [Info]: Проверка прав <Справочник интерфейсов> на <удаление>
22.03.08 16:37:40.984 [Info]: Проверка прав <Справочник интерфейсов> на <удаление> (объект: interface оператор: D) прошло успешно.
22.03.08 16:45:27.468 [Error]: Нарушение доступа по адресу 7C95AFB2 в модуле 'ntdll.dll'. Запись по адресу 00000014
22.03.08 16:45:31.187 [Info]: Проверка прав <Справочник меню> на <просмотр>
22.03.08 16:45:31.187 [Info]: Проверка прав <Справочник меню> на <просмотр> (объект: menu оператор: S) прошло успешно.
22.03.08 16:45:31.187 [Info]: Проверка прав <Справочник меню> на <просмотр> (объект: interface оператор: S) прошло успешно.
22.03.08 16:45:31.187 [Info]: Проверка прав <Справочник меню> на <изменение>
22.03.08 16:45:31.187 [Info]: Проверка прав <Справочник меню> на <изменение> (объект: menu оператор: U) прошло успешно.
22.03.08 16:45:31.187 [Info]: Проверка прав <Справочник меню> на <вставку>
22.03.08 16:45:31.203 [Info]: Проверка прав <Справочник меню> на <вставку> (объект: menu оператор: I) прошло успешно.
22.03.08 16:45:31.203 [Info]: Проверка прав <Справочник меню> на <удаление>
22.03.08 16:45:31.203 [Info]: Проверка прав <Справочник меню> на <удаление> (объект: menu оператор: D) прошло успешно.
22.03.08 16:45:33.343 [Info]: Вызов интерфейса <Справочник интерфейсов>.
22.03.08 16:45:33.375 [Info]: Проверка прав <Справочник интерфейсов> на <просмотр>
22.03.08 16:45:33.375 [Info]: Проверка прав <Справочник интерфейсов> на <просмотр> (объект: interface оператор: S) прошло успешно.
22.03.08 16:45:33.375 [Info]: Проверка прав <Справочник интерфейсов> на <изменение>
22.03.08 16:45:33.390 [Info]: Проверка прав <Справочник интерфейсов> на <изменение> (объект: interface оператор: U) прошло успешно.
22.03.08 16:45:33.390 [Info]: Проверка прав <Справочник интерфейсов> на <вставку>
22.03.08 16:45:33.390 [Info]: Проверка прав <Справочник интерфейсов> на <вставку> (объект: interface оператор: I) прошло успешно.
22.03.08 16:45:33.390 [Info]: Проверка прав <Справочник интерфейсов> на <удаление>
22.03.08 16:45:33.390 [Info]: Проверка прав <Справочник интерфейсов> на <удаление> (объект: interface оператор: D) прошло успешно.
22.03.08 16:45:34.343 [Info]: Вызов интерфейса <Справочник интерфейсов> прошел успешно.
22.03.08 16:45:39.953 [Info]: Проверка прав <Справочник интерфейсов> на <просмотр>
22.03.08 16:45:39.953 [Info]: Проверка прав <Справочник интерфейсов> на <просмотр> (объект: interface оператор: S) прошло успешно.
22.03.08 16:45:39.953 [Info]: Проверка прав <Справочник интерфейсов> на <изменение>
22.03.08 16:45:39.953 [Info]: Проверка прав <Справочник интерфейсов> на <изменение> (объект: interface оператор: U) прошло успешно.
22.03.08 16:45:39.953 [Info]: Проверка прав <Справочник интерфейсов> на <вставку>
22.03.08 16:45:39.968 [Info]: Проверка прав <Справочник интерфейсов> на <вставку> (объект: interface оператор: I) прошло успешно.
22.03.08 16:45:39.968 [Info]: Проверка прав <Справочник интерфейсов> на <удаление>
22.03.08 16:45:39.968 [Info]: Проверка прав <Справочник интерфейсов> на <удаление> (объект: interface оператор: D) прошло успешно.
22.03.08 16:45:44.109 [Info]: Проверка прав <Справочник меню> на <просмотр>
22.03.08 16:45:44.125 [Info]: Проверка прав <Справочник меню> на <просмотр> (объект: menu оператор: S) прошло успешно.
22.03.08 16:45:44.125 [Info]: Проверка прав <Справочник меню> на <просмотр> (объект: interface оператор: S) прошло успешно.
22.03.08 16:45:44.125 [Info]: Проверка прав <Справочник меню> на <изменение>
22.03.08 16:45:44.125 [Info]: Проверка прав <Справочник меню> на <изменение> (объект: menu оператор: U) прошло успешно.
22.03.08 16:45:44.125 [Info]: Проверка прав <Справочник меню> на <вставку>
22.03.08 16:45:44.125 [Info]: Проверка прав <Справочник меню> на <вставку> (объект: menu оператор: I) прошло успешно.
22.03.08 16:45:44.140 [Info]: Проверка прав <Справочник меню> на <удаление>
22.03.08 16:45:44.140 [Info]: Проверка прав <Справочник меню> на <удаление> (объект: menu оператор: D) прошло успешно.
22.03.08 16:45:46.468 [Info]: Вызов интерфейса <Справочник интерфейсов>.
22.03.08 16:45:46.515 [Info]: Проверка прав <Справочник интерфейсов> на <просмотр>
22.03.08 16:45:46.515 [Info]: Проверка прав <Справочник интерфейсов> на <просмотр> (объект: interface оператор: S) прошло успешно.
22.03.08 16:45:46.515 [Info]: Проверка прав <Справочник интерфейсов> на <изменение>
22.03.08 16:45:46.515 [Info]: Проверка прав <Справочник интерфейсов> на <изменение> (объект: interface оператор: U) прошло успешно.
22.03.08 16:45:46.515 [Info]: Проверка прав <Справочник интерфейсов> на <вставку>
22.03.08 16:45:46.515 [Info]: Проверка прав <Справочник интерфейсов> на <вставку> (объект: interface оператор: I) прошло успешно.
22.03.08 16:45:46.531 [Info]: Проверка прав <Справочник интерфейсов> на <удаление>
22.03.08 16:45:46.531 [Info]: Проверка прав <Справочник интерфейсов> на <удаление> (объект: interface оператор: D) прошло успешно.
22.03.08 16:46:19.453 [Info]: Сохранение настроек ...
22.03.08 16:46:19.515 [Info]: Выгрузка ...
22.03.08 16:46:32.375 [Info]: -----------------------------------------------------------------------
22.03.08 16:46:32.375 [Info]: Поиск сервера ...
22.03.08 16:46:32.375 [Info]: Соединение с сервером ...
22.03.08 16:46:32.375 [Info]: Идентификация ...
22.03.08 16:46:32.390 [Info]: Загрузка ...
22.03.08 16:46:32.390 [Info]: Проверка прав <Справочник констант> на <просмотр>
22.03.08 16:46:32.406 [Info]: Проверка прав <Справочник констант> на <просмотр> (объект: constex оператор: S) прошло успешно.
22.03.08 16:46:32.468 [Info]: Начало загрузки библиотеки U:\Install\STBasis\components.dll ...
22.03.08 16:46:33.031 [Info]: Загрузка библиотеки U:\Install\STBasis\components.dll прошла успешно.
22.03.08 16:46:33.031 [Info]: Начало загрузки библиотеки U:\Install\STBasis\design.dll ...
22.03.08 16:46:33.437 [Info]: Проверка прав <Справочник интерфейсов> на <просмотр>
22.03.08 16:46:33.453 [Info]: Проверка прав <Справочник интерфейсов> на <просмотр> (объект: interface оператор: S) прошло успешно.
22.03.08 16:46:33.453 [Info]: Проверка прав <Справочник меню> на <просмотр>
22.03.08 16:46:33.468 [Info]: Проверка прав <Справочник меню> на <просмотр> (объект: menu оператор: S) прошло успешно.
22.03.08 16:46:33.468 [Info]: Проверка прав <Справочник меню> на <просмотр> (объект: interface оператор: S) прошло успешно.
22.03.08 16:46:33.468 [Info]: Проверка прав <Справочник панелей инструментов> на <просмотр>
22.03.08 16:46:33.484 [Info]: Проверка прав <Справочник панелей инструментов> на <просмотр> (объект: toolbar оператор: S) прошло успешно.
22.03.08 16:46:33.500 [Info]: Проверка прав <Справочник элементов панелей> на <просмотр>
22.03.08 16:46:33.515 [Info]: Проверка прав <Справочник элементов панелей> на <просмотр> (объект: toolbutton оператор: S) прошло успешно.
22.03.08 16:46:33.515 [Info]: Проверка прав <Справочник элементов панелей> на <просмотр> (объект: toolbar оператор: S) прошло успешно.
22.03.08 16:46:33.515 [Info]: Проверка прав <Справочник элементов панелей> на <просмотр> (объект: interface оператор: S) прошло успешно.
22.03.08 16:46:33.515 [Info]: Проверка прав <Справочник прав интерфейса> на <просмотр>
22.03.08 16:46:33.546 [Info]: Проверка прав <Справочник прав интерфейса> на <просмотр> (объект: interfacepermission оператор: S) прошло успешно.
22.03.08 16:46:33.546 [Info]: Проверка прав <Справочник прав интерфейса> на <просмотр> (объект: interface оператор: S) прошло успешно.
22.03.08 16:46:33.562 [Info]: Загрузка библиотеки U:\Install\STBasis\design.dll прошла успешно.
22.03.08 16:46:33.562 [Info]: Начало загрузки библиотеки U:\Install\STBasis\interpreter.dll ...
22.03.08 16:46:33.578 [Info]: Вызов интерфейса <Запрос>.
22.03.08 16:46:33.593 [Info]: Вызов интерфейса <Запрос> прошел успешно.
22.03.08 16:46:33.593 [Info]: Вызов интерфейса <Запрос>.
22.03.08 16:46:33.593 [Info]: Вызов интерфейса <Запрос> прошел успешно.
22.03.08 16:46:33.671 [Info]: Загрузка библиотеки U:\Install\STBasis\interpreter.dll прошла успешно.
22.03.08 16:46:33.671 [Info]: Начало загрузки библиотеки U:\Install\STBasis\midas.dll ...
22.03.08 16:46:33.671 [Warn]: Загрузка библиотеки U:\Install\STBasis\midas.dll не произошло.
22.03.08 16:46:33.671 [Info]: Начало загрузки библиотеки U:\Install\STBasis\systems.dll ...
22.03.08 16:46:33.734 [Info]: Проверка прав <Справочник пользователей> на <просмотр>
22.03.08 16:46:33.750 [Info]: Проверка прав <Справочник пользователей> на <просмотр> (объект: users оператор: S) прошло успешно.
22.03.08 16:46:33.750 [Info]: Проверка прав <Справочник приложений> на <просмотр>
22.03.08 16:46:33.765 [Info]: Проверка прав <Справочник приложений> на <просмотр> (объект: app оператор: S) прошло успешно.
22.03.08 16:46:33.781 [Info]: Проверка прав <Справочник приложений доступных пользователям> на <просмотр>
22.03.08 16:46:33.781 [Info]: Проверка прав <Справочник приложений доступных пользователям> на <просмотр> (объект: users оператор: S) прошло успешно.
22.03.08 16:46:33.796 [Info]: Проверка прав <Справочник приложений доступных пользователям> на <просмотр> (объект: usersapp оператор: S) прошло успешно.
22.03.08 16:46:33.796 [Info]: Проверка прав <Справочник приложений доступных пользователям> на <просмотр> (объект: app оператор: S) прошло успешно.
22.03.08 16:46:33.796 [Info]: Проверка прав <Права> на <просмотр>
22.03.08 16:46:33.796 [Info]: Проверка прав <Права> на <просмотр> (объект: app оператор: S) прошло успешно.
22.03.08 16:46:33.812 [Info]: Проверка прав <Журнал ошибок> на <просмотр>
22.03.08 16:46:33.828 [Info]: Проверка прав <Журнал ошибок> на <просмотр> (объект: journalerror оператор: S) прошло успешно.
22.03.08 16:46:33.828 [Info]: Проверка прав <Журнал ошибок> на <просмотр> (объект: users оператор: S) прошло успешно.
22.03.08 16:46:33.843 [Info]: Загрузка библиотеки U:\Install\STBasis\systems.dll прошла успешно.
22.03.08 16:46:33.843 [Info]: Почти все готово ...
22.03.08 16:46:33.859 [Info]: Вызов интерфейса <Справочник меню>.
22.03.08 16:46:33.906 [Info]: Проверка прав <Справочник меню> на <просмотр>
22.03.08 16:46:33.906 [Info]: Проверка прав <Справочник меню> на <просмотр> (объект: menu оператор: S) прошло успешно.
22.03.08 16:46:33.906 [Info]: Проверка прав <Справочник меню> на <просмотр> (объект: interface оператор: S) прошло успешно.
22.03.08 16:46:33.906 [Info]: Проверка прав <Справочник меню> на <изменение>
22.03.08 16:46:33.921 [Info]: Проверка прав <Справочник меню> на <изменение> (объект: menu оператор: U) прошло успешно.
22.03.08 16:46:33.921 [Info]: Проверка прав <Справочник меню> на <вставку>
22.03.08 16:46:33.937 [Info]: Проверка прав <Справочник меню> на <вставку> (объект: menu оператор: I) прошло успешно.
22.03.08 16:46:33.937 [Info]: Проверка прав <Справочник меню> на <удаление>
22.03.08 16:46:33.968 [Info]: Проверка прав <Справочник меню> на <удаление> (объект: menu оператор: D) прошло успешно.
22.03.08 16:46:33.984 [Info]: Вызов интерфейса <Справочник меню> прошел успешно.
22.03.08 16:46:47.781 [Info]: Проверка прав <Справочник интерфейсов> на <просмотр>
22.03.08 16:46:47.781 [Info]: Проверка прав <Справочник интерфейсов> на <просмотр> (объект: interface оператор: S) прошло успешно.
22.03.08 16:46:47.781 [Info]: Проверка прав <Справочник интерфейсов> на <изменение>
22.03.08 16:46:47.796 [Info]: Проверка прав <Справочник интерфейсов> на <изменение> (объект: interface оператор: U) прошло успешно.
22.03.08 16:46:47.796 [Info]: Проверка прав <Справочник интерфейсов> на <вставку>
22.03.08 16:46:47.812 [Info]: Проверка прав <Справочник интерфейсов> на <вставку> (объект: interface оператор: I) прошло успешно.
22.03.08 16:46:47.812 [Info]: Проверка прав <Справочник интерфейсов> на <удаление>
22.03.08 16:46:47.828 [Info]: Проверка прав <Справочник интерфейсов> на <удаление> (объект: interface оператор: D) прошло успешно.
22.03.08 16:48:17.640 [Info]: Сохранение настроек ...
22.03.08 16:48:17.718 [Info]: Выгрузка ...
